This file contains any messages produced by compilers while
running configure, to aid debugging if configure makes a mistake.

It was created by dataspaces configure 1.4.0, which was
generated by GNU Autoconf 2.63.  Invocation command line was

  $ ./configure CC=cc FC=ftn --prefix=/ccs/home/tjin/document/ds-service-test/

## --------- ##
## Platform. ##
## --------- ##

hostname = titan-ext1
uname -m = x86_64
uname -r = 2.6.32.59-0.7.2-default
uname -s = Linux
uname -v = #1 SMP 2012-07-13 15:50:56 +0200

/usr/bin/uname -p = unknown
/bin/uname -X     = unknown

/bin/arch              = x86_64
/usr/bin/arch -k       = unknown
/usr/convex/getsysinfo = unknown
/usr/bin/hostinfo      = unknown
/bin/machine           = unknown
/usr/bin/oslevel       = unknown
/bin/universe          = unknown

PATH: /sw/xk6/altd/bin
PATH: /sw/xk6/site-aprun/bin
PATH: /sw/xk6/bin
PATH: /sw/xk6/lustredu/1.4/sles11.1_gnu4.8.2/install/bin
PATH: /opt/cray/atp/1.7.1/bin
PATH: /opt/cray/switch/1.0-1.0402.45840.2.63.gem/bin
PATH: /opt/cray/shared-root/1.0-1.0402.46893.3.17.gem/bin
PATH: /opt/cray/pdsh/2.26-1.0402.45278.1.1.gem/bin
PATH: /opt/cray/nodehealth/5.1-1.0402.45895.3.76.gem/bin
PATH: /opt/cray/lbcd/2.1-1.0402.45245.1.2.gem/bin
PATH: /opt/cray/hosts/1.0-1.0402.45251.1.86.gem/bin
PATH: /opt/cray/configuration/1.0-1.0402.45284.1.2.gem/bin
PATH: /opt/cray/ccm/default/sbin
PATH: /opt/cray/ccm/default/bin
PATH: /opt/cray/audit/1.0.0-1.0402.45273.1.86.gem/bin
PATH: /opt/cray/rca/1.0.0-2.0402.47290.7.1.gem/bin
PATH: /opt/cray/csa/3.0.0-1_2.0402.45268.1.90.gem/sbin
PATH: /opt/cray/csa/3.0.0-1_2.0402.45268.1.90.gem/bin
PATH: /opt/cray/job/1.5.5-0.1_2.0402.45272.1.5.gem/bin
PATH: /opt/cray/xpmem/0.1-2.0402.45248.1.5.gem/bin
PATH: /opt/cray/dmapp/4.0.1-1.0402.7784.4.1.gem/bin
PATH: /opt/cray/pmi/5.0.1-1.0000.9799.94.9.gem/bin
PATH: /opt/cray/ugni/5.0-1.0402.7551.1.10.gem/bin
PATH: /opt/cray/udreg/2.3.2-1.0402.7546.1.5.gem/bin
PATH: /opt/pgi/14.2.0/linux86-64/14.2/bin
PATH: /opt/cray/xt-asyncpe/5.27/bin
PATH: /opt/cray/eslogin/eswrap/1.0.20-1.010102.662.0/bin
PATH: /opt/modules/3.2.6.7/bin
PATH: /usr/local/bin
PATH: /usr/bin
PATH: /bin
PATH: /usr/bin/X11
PATH: /usr/X11R6/bin
PATH: /usr/games
PATH: /opt/bin
PATH: /usr/lib64/jvm/jre/bin
PATH: /usr/lib/mit/bin
PATH: /usr/lib/mit/sbin
PATH: /usr/lib/qt3/bin
PATH: /opt/cray/bin
PATH: /opt/bin
PATH: /opt/public/bin


## ----------- ##
## Core tests. ##
## ----------- ##

configure:2006: checking for a BSD-compatible install
configure:2074: result: /usr/bin/install -c
configure:2085: checking whether build environment is sane
configure:2128: result: yes
configure:2153: checking for a thread-safe mkdir -p
configure:2192: result: /bin/mkdir -p
configure:2205: checking for gawk
configure:2221: found /usr/bin/gawk
configure:2232: result: gawk
configure:2243: checking whether make sets $(MAKE)
configure:2265: result: yes
configure:2498: checking for gcc
configure:2525: result: cc
configure:2757: checking for C compiler version
configure:2765: cc --version >&5
/opt/cray/xt-asyncpe/5.27/bin/cc: INFO: Compiling for compute nodes running CLE.

pgcc 14.2-0 64-bit target on x86-64 Linux -tp istanbul 
The Portland Group - PGI Compilers and Tools
Copyright (c) 2014, NVIDIA CORPORATION.  All rights reserved.
configure:2769: $? = 0
configure:2776: cc -v >&5
/opt/cray/xt-asyncpe/5.27/bin/cc: INFO: Compiling for compute nodes running CLE.
Export PGI=/opt/pgi/14.2.0
pgcc-Warning-No files to process

configure:2780: $? = 0
configure:2787: cc -V >&5
/opt/cray/xt-asyncpe/5.27/bin/cc: INFO: Compiling for compute nodes running CLE.

pgcc 14.2-0 64-bit target on x86-64 Linux -tp istanbul 
The Portland Group - PGI Compilers and Tools
Copyright (c) 2014, NVIDIA CORPORATION.  All rights reserved.
configure:2791: $? = 0
configure:2814: checking for C compiler default output file name
configure:2836: cc    conftest.c  >&5
configure:2840: $? = 0
configure:2878: result: a.out
configure:2897: checking whether the C compiler works
configure:2907: ./a.out
configure:2911: $? = 0
configure:2930: result: yes
configure:2937: checking whether we are cross compiling
configure:2939: result: no
configure:2942: checking for suffix of executables
configure:2949: cc -o conftest    conftest.c  >&5
configure:2953: $? = 0
configure:2979: result: 
configure:2985: checking for suffix of object files
configure:3011: cc -c   conftest.c >&5
configure:3015: $? = 0
configure:3040: result: o
configure:3044: checking whether we are using the GNU C compiler
configure:3073: cc -c   conftest.c >&5
PGC-S-0040-Illegal use of symbol, choke (conftest.c: 15)
PGC-W-0156-Type not specified, 'int' assumed (conftest.c: 15)
PGC/x86-64 Linux 14.2-0: compilation completed with severe errors
configure:3080: $? = 2
configure: failed program was:
| /* confdefs.h.  */
| #define PACKAGE_NAME "dataspaces"
| #define PACKAGE_TARNAME "dataspaces"
| #define PACKAGE_VERSION "1.4.0"
| #define PACKAGE_STRING "dataspaces 1.4.0"
| #define PACKAGE_BUGREPORT ""
| #define PACKAGE "dataspaces"
| #define VERSION "1.4.0"
| /* end confdefs.h.  */
| 
| int
| main ()
| {
| #ifndef __GNUC__
|        choke me
| #endif
| 
|   ;
|   return 0;
| }
configure:3097: result: no
configure:3106: checking whether cc accepts -g
configure:3136: cc -c -g  conftest.c >&5
configure:3143: $? = 0
configure:3244: result: yes
configure:3261: checking for cc option to accept ISO C89
configure:3335: cc  -c -g  conftest.c >&5
PGC-W-0261-no macro replacement within a character constant (conftest.c: 44)
PGC/x86-64 Linux 14.2-0: compilation completed with warnings
configure:3342: $? = 0
configure:3365: result: none needed
configure:3394: checking for style of include used by make
configure:3422: result: GNU
configure:3447: checking dependency style of cc
configure:3538: result: none
configure:3611: checking for g++
configure:3627: found /usr/bin/g++
configure:3638: result: g++
configure:3665: checking for C++ compiler version
configure:3673: g++ --version >&5
g++ (SUSE Linux) 4.3.4 [gcc-4_3-branch revision 152973]
Copyright (C) 2008 Free Software Foundation, Inc.
This is free software; see the source for copying conditions.  There is NO
warranty; not even for MERCHANTABILITY or FITNESS FOR A PARTICULAR PURPOSE.

configure:3677: $? = 0
configure:3684: g++ -v >&5
Using built-in specs.
Target: x86_64-suse-linux
Configured with: ../configure --prefix=/usr --infodir=/usr/share/info --mandir=/usr/share/man --libdir=/usr/lib64 --libexecdir=/usr/lib64 --enable-languages=c,c++,objc,fortran,obj-c++,java,ada --enable-checking=release --with-gxx-include-dir=/usr/include/c++/4.3 --enable-ssp --disable-libssp --with-bugurl=http://bugs.opensuse.org/ --with-pkgversion='SUSE Linux' --disable-libgcj --disable-libmudflap --with-slibdir=/lib64 --with-system-zlib --enable-__cxa_atexit --enable-libstdcxx-allocator=new --disable-libstdcxx-pch --enable-version-specific-runtime-libs --program-suffix=-4.3 --enable-linux-futex --without-system-libunwind --with-cpu=generic --build=x86_64-suse-linux
Thread model: posix
gcc version 4.3.4 [gcc-4_3-branch revision 152973] (SUSE Linux) 
configure:3688: $? = 0
configure:3695: g++ -V >&5
g++: '-V' option must have argument
configure:3699: $? = 1
configure:3702: checking whether we are using the GNU C++ compiler
configure:3731: g++ -c   conftest.cpp >&5
configure:3738: $? = 0
configure:3755: result: yes
configure:3764: checking whether g++ accepts -g
configure:3794: g++ -c -g  conftest.cpp >&5
configure:3801: $? = 0
configure:3902: result: yes
configure:3927: checking dependency style of g++
configure:4018: result: gcc3
configure:4139: checking for Fortran compiler version
configure:4147: ftn --version >&5
/opt/cray/xt-asyncpe/5.27/bin/ftn: INFO: Compiling for compute nodes running CLE.

pgf90 14.2-0 64-bit target on x86-64 Linux -tp istanbul 
The Portland Group - PGI Compilers and Tools
Copyright (c) 2014, NVIDIA CORPORATION.  All rights reserved.
configure:4151: $? = 0
configure:4158: ftn -v >&5
/opt/cray/xt-asyncpe/5.27/bin/ftn: INFO: Compiling for compute nodes running CLE.
Export PGI=/opt/pgi/14.2.0
pgf90-Warning-No files to process

configure:4162: $? = 0
configure:4169: ftn -V >&5
/opt/cray/xt-asyncpe/5.27/bin/ftn: INFO: Compiling for compute nodes running CLE.

pgf90 14.2-0 64-bit target on x86-64 Linux -tp istanbul 
The Portland Group - PGI Compilers and Tools
Copyright (c) 2014, NVIDIA CORPORATION.  All rights reserved.
configure:4173: $? = 0
configure:4181: checking whether we are using the GNU Fortran compiler
configure:4200: ftn -c   conftest.F >&5
PGF90-S-0034-Syntax error at or near end of line (conftest.F: 3)
  0 inform,   0 warnings,   1 severes, 0 fatal for main
configure:4207: $? = 2
configure: failed program was:
|       program main
| #ifndef __GNUC__
|        choke me
| #endif
| 
|       end
configure:4224: result: no
configure:4230: checking whether ftn accepts -g
configure:4247: ftn -c -g  conftest.f >&5
configure:4254: $? = 0
configure:4270: result: yes
configure:4337: checking for ranlib
configure:4353: found /usr/bin/ranlib
configure:4364: result: ranlib
configure:4394: checking build system type
configure:4412: result: x86_64-suse-linux-gnu
configure:4434: checking host system type
configure:4449: result: x86_64-suse-linux-gnu
configure:4622: checking for the pthreads library -lpthreads
configure:4672: cc -o conftest -g    conftest.c -lpthreads  >&5
/usr/bin/ld: cannot find -lpthreads
configure:4679: $? = 2
configure: failed program was:
| /* confdefs.h.  */
| #define PACKAGE_NAME "dataspaces"
| #define PACKAGE_TARNAME "dataspaces"
| #define PACKAGE_VERSION "1.4.0"
| #define PACKAGE_STRING "dataspaces 1.4.0"
| #define PACKAGE_BUGREPORT ""
| #define PACKAGE "dataspaces"
| #define VERSION "1.4.0"
| /* end confdefs.h.  */
| #include <pthread.h>
| 		     void *start(void *arg){return NULL;}
| 
| int
| main ()
| {
| pthread_attr_t attr;
| 		     pthread_t th;
| 		     pthread_join(th, 0);
| 		     pthread_attr_init(&attr);
| 		     pthread_cleanup_push(NULL, NULL);
| 		     pthread_create(&th,&attr,start,0);
| 		     pthread_cleanup_pop(0);
| 
|   ;
|   return 0;
| }
configure:4703: result: no
configure:4611: checking whether pthreads work without any flags
configure:4672: cc -o conftest -g    conftest.c   >&5
configure:4679: $? = 0
configure:4703: result: yes
configure:4723: checking for joinable pthread attribute
configure:4746: cc -o conftest -g    conftest.c   >&5
configure:4753: $? = 0
configure:4828: result: PTHREAD_CREATE_JOINABLE
configure:4835: checking if more special flags are required for pthreads
configure:4842: result: no
configure:4854: checking for cc_r
configure:4882: result: cc
configure:4930: checking how to run the C preprocessor
configure:4970: cc -E  conftest.c
configure:4977: $? = 0
configure:5008: cc -E  conftest.c
PGC-F-0206-Can't find include file ac_nonexistent.h (conftest.c: 12)
PGC/x86-64 Linux 14.2-0: compilation aborted
configure:5015: $? = 2
configure: failed program was:
| /* confdefs.h.  */
| #define PACKAGE_NAME "dataspaces"
| #define PACKAGE_TARNAME "dataspaces"
| #define PACKAGE_VERSION "1.4.0"
| #define PACKAGE_STRING "dataspaces 1.4.0"
| #define PACKAGE_BUGREPORT ""
| #define PACKAGE "dataspaces"
| #define VERSION "1.4.0"
| #define HAVE_PTHREAD 1
| #define HAVE_PTHREAD 1
| /* end confdefs.h.  */
| #include <ac_nonexistent.h>
configure:5048: result: cc -E
configure:5077: cc -E  conftest.c
configure:5084: $? = 0
configure:5115: cc -E  conftest.c
PGC-F-0206-Can't find include file ac_nonexistent.h (conftest.c: 12)
PGC/x86-64 Linux 14.2-0: compilation aborted
configure:5122: $? = 2
configure: failed program was:
| /* confdefs.h.  */
| #define PACKAGE_NAME "dataspaces"
| #define PACKAGE_TARNAME "dataspaces"
| #define PACKAGE_VERSION "1.4.0"
| #define PACKAGE_STRING "dataspaces 1.4.0"
| #define PACKAGE_BUGREPORT ""
| #define PACKAGE "dataspaces"
| #define VERSION "1.4.0"
| #define HAVE_PTHREAD 1
| #define HAVE_PTHREAD 1
| /* end confdefs.h.  */
| #include <ac_nonexistent.h>
configure:5162: checking for grep that handles long lines and -e
configure:5222: result: /usr/bin/grep
configure:5227: checking for egrep
configure:5291: result: /usr/bin/grep -E
configure:5296: checking for ANSI C header files
configure:5326: cc -c -g  conftest.c >&5
configure:5333: $? = 0
configure:5432: cc -o conftest -g   conftest.c  >&5
configure:5436: $? = 0
configure:5442: ./conftest
configure:5446: $? = 0
configure:5464: result: yes
configure:5488: checking for sys/types.h
configure:5509: cc -c -g  conftest.c >&5
configure:5516: $? = 0
configure:5533: result: yes
configure:5488: checking for sys/stat.h
configure:5509: cc -c -g  conftest.c >&5
configure:5516: $? = 0
configure:5533: result: yes
configure:5488: checking for stdlib.h
configure:5509: cc -c -g  conftest.c >&5
configure:5516: $? = 0
configure:5533: result: yes
configure:5488: checking for string.h
configure:5509: cc -c -g  conftest.c >&5
configure:5516: $? = 0
configure:5533: result: yes
configure:5488: checking for memory.h
configure:5509: cc -c -g  conftest.c >&5
configure:5516: $? = 0
configure:5533: result: yes
configure:5488: checking for strings.h
configure:5509: cc -c -g  conftest.c >&5
configure:5516: $? = 0
configure:5533: result: yes
configure:5488: checking for inttypes.h
configure:5509: cc -c -g  conftest.c >&5
configure:5516: $? = 0
configure:5533: result: yes
configure:5488: checking for stdint.h
configure:5509: cc -c -g  conftest.c >&5
configure:5516: $? = 0
configure:5533: result: yes
configure:5488: checking for unistd.h
configure:5509: cc -c -g  conftest.c >&5
configure:5516: $? = 0
configure:5533: result: yes
configure:5636: checking portals3.h usability
configure:5653: cc -c -g   conftest.c >&5
PGC-F-0206-Can't find include file portals3.h (conftest.c: 55)
PGC/x86-64 Linux 14.2-0: compilation aborted
configure:5660: $? = 2
configure: failed program was:
| /* confdefs.h.  */
| #define PACKAGE_NAME "dataspaces"
| #define PACKAGE_TARNAME "dataspaces"
| #define PACKAGE_VERSION "1.4.0"
| #define PACKAGE_STRING "dataspaces 1.4.0"
| #define PACKAGE_BUGREPORT ""
| #define PACKAGE "dataspaces"
| #define VERSION "1.4.0"
| #define HAVE_PTHREAD 1
| #define HAVE_PTHREAD 1
| #define STDC_HEADERS 1
| #define HAVE_SYS_TYPES_H 1
| #define HAVE_SYS_STAT_H 1
| #define HAVE_STDLIB_H 1
| #define HAVE_STRING_H 1
| #define HAVE_MEMORY_H 1
| #define HAVE_STRINGS_H 1
| #define HAVE_INTTYPES_H 1
| #define HAVE_STDINT_H 1
| #define HAVE_UNISTD_H 1
| /* end confdefs.h.  */
| #include <stdio.h>
| #ifdef HAVE_SYS_TYPES_H
| # include <sys/types.h>
| #endif
| #ifdef HAVE_SYS_STAT_H
| # include <sys/stat.h>
| #endif
| #ifdef STDC_HEADERS
| # include <stdlib.h>
| # include <stddef.h>
| #else
| # ifdef HAVE_STDLIB_H
| #  include <stdlib.h>
| # endif
| #endif
| #ifdef HAVE_STRING_H
| # if !defined STDC_HEADERS && defined HAVE_MEMORY_H
| #  include <memory.h>
| # endif
| # include <string.h>
| #endif
| #ifdef HAVE_STRINGS_H
| # include <strings.h>
| #endif
| #ifdef HAVE_INTTYPES_H
| # include <inttypes.h>
| #endif
| #ifdef HAVE_STDINT_H
| # include <stdint.h>
| #endif
| #ifdef HAVE_UNISTD_H
| # include <unistd.h>
| #endif
| #include <portals3.h>
configure:5674: result: no
configure:5678: checking portals3.h presence
configure:5693: cc -E   conftest.c
PGC-F-0206-Can't find include file portals3.h (conftest.c: 22)
PGC/x86-64 Linux 14.2-0: compilation aborted
configure:5700: $? = 2
configure: failed program was:
| /* confdefs.h.  */
| #define PACKAGE_NAME "dataspaces"
| #define PACKAGE_TARNAME "dataspaces"
| #define PACKAGE_VERSION "1.4.0"
| #define PACKAGE_STRING "dataspaces 1.4.0"
| #define PACKAGE_BUGREPORT ""
| #define PACKAGE "dataspaces"
| #define VERSION "1.4.0"
| #define HAVE_PTHREAD 1
| #define HAVE_PTHREAD 1
| #define STDC_HEADERS 1
| #define HAVE_SYS_TYPES_H 1
| #define HAVE_SYS_STAT_H 1
| #define HAVE_STDLIB_H 1
| #define HAVE_STRING_H 1
| #define HAVE_MEMORY_H 1
| #define HAVE_STRINGS_H 1
| #define HAVE_INTTYPES_H 1
| #define HAVE_STDINT_H 1
| #define HAVE_UNISTD_H 1
| /* end confdefs.h.  */
| #include <portals3.h>
configure:5714: result: no
configure:5742: checking for portals3.h
configure:5749: result: no
configure:5780: checking portals/portals3.h usability
configure:5797: cc -c -g   conftest.c >&5
PGC-F-0206-Can't find include file portals/portals3.h (conftest.c: 55)
PGC/x86-64 Linux 14.2-0: compilation aborted
configure:5804: $? = 2
configure: failed program was:
| /* confdefs.h.  */
| #define PACKAGE_NAME "dataspaces"
| #define PACKAGE_TARNAME "dataspaces"
| #define PACKAGE_VERSION "1.4.0"
| #define PACKAGE_STRING "dataspaces 1.4.0"
| #define PACKAGE_BUGREPORT ""
| #define PACKAGE "dataspaces"
| #define VERSION "1.4.0"
| #define HAVE_PTHREAD 1
| #define HAVE_PTHREAD 1
| #define STDC_HEADERS 1
| #define HAVE_SYS_TYPES_H 1
| #define HAVE_SYS_STAT_H 1
| #define HAVE_STDLIB_H 1
| #define HAVE_STRING_H 1
| #define HAVE_MEMORY_H 1
| #define HAVE_STRINGS_H 1
| #define HAVE_INTTYPES_H 1
| #define HAVE_STDINT_H 1
| #define HAVE_UNISTD_H 1
| /* end confdefs.h.  */
| #include <stdio.h>
| #ifdef HAVE_SYS_TYPES_H
| # include <sys/types.h>
| #endif
| #ifdef HAVE_SYS_STAT_H
| # include <sys/stat.h>
| #endif
| #ifdef STDC_HEADERS
| # include <stdlib.h>
| # include <stddef.h>
| #else
| # ifdef HAVE_STDLIB_H
| #  include <stdlib.h>
| # endif
| #endif
| #ifdef HAVE_STRING_H
| # if !defined STDC_HEADERS && defined HAVE_MEMORY_H
| #  include <memory.h>
| # endif
| # include <string.h>
| #endif
| #ifdef HAVE_STRINGS_H
| # include <strings.h>
| #endif
| #ifdef HAVE_INTTYPES_H
| # include <inttypes.h>
| #endif
| #ifdef HAVE_STDINT_H
| # include <stdint.h>
| #endif
| #ifdef HAVE_UNISTD_H
| # include <unistd.h>
| #endif
| #include <portals/portals3.h>
configure:5818: result: no
configure:5822: checking portals/portals3.h presence
configure:5837: cc -E   conftest.c
PGC-F-0206-Can't find include file portals/portals3.h (conftest.c: 22)
PGC/x86-64 Linux 14.2-0: compilation aborted
configure:5844: $? = 2
configure: failed program was:
| /* confdefs.h.  */
| #define PACKAGE_NAME "dataspaces"
| #define PACKAGE_TARNAME "dataspaces"
| #define PACKAGE_VERSION "1.4.0"
| #define PACKAGE_STRING "dataspaces 1.4.0"
| #define PACKAGE_BUGREPORT ""
| #define PACKAGE "dataspaces"
| #define VERSION "1.4.0"
| #define HAVE_PTHREAD 1
| #define HAVE_PTHREAD 1
| #define STDC_HEADERS 1
| #define HAVE_SYS_TYPES_H 1
| #define HAVE_SYS_STAT_H 1
| #define HAVE_STDLIB_H 1
| #define HAVE_STRING_H 1
| #define HAVE_MEMORY_H 1
| #define HAVE_STRINGS_H 1
| #define HAVE_INTTYPES_H 1
| #define HAVE_STDINT_H 1
| #define HAVE_UNISTD_H 1
| /* end confdefs.h.  */
| #include <portals/portals3.h>
configure:5858: result: no
configure:5886: checking for portals/portals3.h
configure:5893: result: no
configure:5918: checking for p3nal_utcp.h
configure:5945: cc -c -g   conftest.c >&5
PGC-F-0206-Can't find include file p3nal_utcp.h (conftest.c: 30)
PGC/x86-64 Linux 14.2-0: compilation aborted
configure:5952: $? = 2
configure: failed program was:
| /* confdefs.h.  */
| #define PACKAGE_NAME "dataspaces"
| #define PACKAGE_TARNAME "dataspaces"
| #define PACKAGE_VERSION "1.4.0"
| #define PACKAGE_STRING "dataspaces 1.4.0"
| #define PACKAGE_BUGREPORT ""
| #define PACKAGE "dataspaces"
| #define VERSION "1.4.0"
| #define HAVE_PTHREAD 1
| #define HAVE_PTHREAD 1
| #define STDC_HEADERS 1
| #define HAVE_SYS_TYPES_H 1
| #define HAVE_SYS_STAT_H 1
| #define HAVE_STDLIB_H 1
| #define HAVE_STRING_H 1
| #define HAVE_MEMORY_H 1
| #define HAVE_STRINGS_H 1
| #define HAVE_INTTYPES_H 1
| #define HAVE_STDINT_H 1
| #define HAVE_UNISTD_H 1
| /* end confdefs.h.  */
| 
|                         #if defined(HAVE_PORTALS3_H)
|                          #include <portals3.h>
|                          #elif defined(HAVE_PORTALS_PORTALS3_H)
|                          #include <portals/portals3.h>
|                          #endif
| 
| 
| #include <p3nal_utcp.h>
configure:5969: result: no
configure:5918: checking for p3rt/p3rt.h
configure:5945: cc -c -g   conftest.c >&5
PGC-F-0206-Can't find include file p3rt/p3rt.h (conftest.c: 30)
PGC/x86-64 Linux 14.2-0: compilation aborted
configure:5952: $? = 2
configure: failed program was:
| /* confdefs.h.  */
| #define PACKAGE_NAME "dataspaces"
| #define PACKAGE_TARNAME "dataspaces"
| #define PACKAGE_VERSION "1.4.0"
| #define PACKAGE_STRING "dataspaces 1.4.0"
| #define PACKAGE_BUGREPORT ""
| #define PACKAGE "dataspaces"
| #define VERSION "1.4.0"
| #define HAVE_PTHREAD 1
| #define HAVE_PTHREAD 1
| #define STDC_HEADERS 1
| #define HAVE_SYS_TYPES_H 1
| #define HAVE_SYS_STAT_H 1
| #define HAVE_STDLIB_H 1
| #define HAVE_STRING_H 1
| #define HAVE_MEMORY_H 1
| #define HAVE_STRINGS_H 1
| #define HAVE_INTTYPES_H 1
| #define HAVE_STDINT_H 1
| #define HAVE_UNISTD_H 1
| /* end confdefs.h.  */
| 
|                         #if defined(HAVE_PORTALS3_H)
|                          #include <portals3.h>
|                          #elif defined(HAVE_PORTALS_PORTALS3_H)
|                          #include <portals/portals3.h>
|                          #endif
| 
| 
| #include <p3rt/p3rt.h>
configure:5969: result: no
configure:6932: checking infiniband/verbs.h usability
configure:6949: cc -c -g   conftest.c >&5
configure:6956: $? = 0
configure:6970: result: yes
configure:6974: checking infiniband/verbs.h presence
configure:6989: cc -E   conftest.c
configure:6996: $? = 0
configure:7010: result: yes
configure:7038: checking for infiniband/verbs.h
configure:7045: result: yes
configure:7072: checking for library containing ibv_alloc_pd
configure:7113: cc -o conftest -g      conftest.c  >&5
/tmp/pgcc84D0JPLga3T.o: In function `main':
/autofs/na3_home1/tjin/document/dataspaces-service/./conftest.c:34: undefined reference to `ibv_alloc_pd'
/usr/bin/ld: link errors found, deleting executable `conftest'
configure:7120: $? = 2
configure: failed program was:
| /* confdefs.h.  */
| #define PACKAGE_NAME "dataspaces"
| #define PACKAGE_TARNAME "dataspaces"
| #define PACKAGE_VERSION "1.4.0"
| #define PACKAGE_STRING "dataspaces 1.4.0"
| #define PACKAGE_BUGREPORT ""
| #define PACKAGE "dataspaces"
| #define VERSION "1.4.0"
| #define HAVE_PTHREAD 1
| #define HAVE_PTHREAD 1
| #define STDC_HEADERS 1
| #define HAVE_SYS_TYPES_H 1
| #define HAVE_SYS_STAT_H 1
| #define HAVE_STDLIB_H 1
| #define HAVE_STRING_H 1
| #define HAVE_MEMORY_H 1
| #define HAVE_STRINGS_H 1
| #define HAVE_INTTYPES_H 1
| #define HAVE_STDINT_H 1
| #define HAVE_UNISTD_H 1
| #define HAVE_IBVERBS_H 1
| /* end confdefs.h.  */
| 
| /* Override any GCC internal prototype to avoid an error.
|    Use char because int might match the return type of a GCC
|    builtin and then its argument prototype would still apply.  */
| #ifdef __cplusplus
| extern "C"
| #endif
| char ibv_alloc_pd ();
| int
| main ()
| {
| return ibv_alloc_pd ();
|   ;
|   return 0;
| }
configure:7113: cc -o conftest -g      conftest.c -libverbs     >&5
/usr/bin/ld: cannot find -libverbs
configure:7120: $? = 2
configure: failed program was:
| /* confdefs.h.  */
| #define PACKAGE_NAME "dataspaces"
| #define PACKAGE_TARNAME "dataspaces"
| #define PACKAGE_VERSION "1.4.0"
| #define PACKAGE_STRING "dataspaces 1.4.0"
| #define PACKAGE_BUGREPORT ""
| #define PACKAGE "dataspaces"
| #define VERSION "1.4.0"
| #define HAVE_PTHREAD 1
| #define HAVE_PTHREAD 1
| #define STDC_HEADERS 1
| #define HAVE_SYS_TYPES_H 1
| #define HAVE_SYS_STAT_H 1
| #define HAVE_STDLIB_H 1
| #define HAVE_STRING_H 1
| #define HAVE_MEMORY_H 1
| #define HAVE_STRINGS_H 1
| #define HAVE_INTTYPES_H 1
| #define HAVE_STDINT_H 1
| #define HAVE_UNISTD_H 1
| #define HAVE_IBVERBS_H 1
| /* end confdefs.h.  */
| 
| /* Override any GCC internal prototype to avoid an error.
|    Use char because int might match the return type of a GCC
|    builtin and then its argument prototype would still apply.  */
| #ifdef __cplusplus
| extern "C"
| #endif
| char ibv_alloc_pd ();
| int
| main ()
| {
| return ibv_alloc_pd ();
|   ;
|   return 0;
| }
configure:7151: result: no
configure:7231: === checking for IBM DCMF ===
configure:7276: checking dcmf.h usability
configure:7293: cc -c -g   conftest.c >&5
PGC-F-0206-Can't find include file dcmf.h (conftest.c: 56)
PGC/x86-64 Linux 14.2-0: compilation aborted
configure:7300: $? = 2
configure: failed program was:
| /* confdefs.h.  */
| #define PACKAGE_NAME "dataspaces"
| #define PACKAGE_TARNAME "dataspaces"
| #define PACKAGE_VERSION "1.4.0"
| #define PACKAGE_STRING "dataspaces 1.4.0"
| #define PACKAGE_BUGREPORT ""
| #define PACKAGE "dataspaces"
| #define VERSION "1.4.0"
| #define HAVE_PTHREAD 1
| #define HAVE_PTHREAD 1
| #define STDC_HEADERS 1
| #define HAVE_SYS_TYPES_H 1
| #define HAVE_SYS_STAT_H 1
| #define HAVE_STDLIB_H 1
| #define HAVE_STRING_H 1
| #define HAVE_MEMORY_H 1
| #define HAVE_STRINGS_H 1
| #define HAVE_INTTYPES_H 1
| #define HAVE_STDINT_H 1
| #define HAVE_UNISTD_H 1
| #define HAVE_IBVERBS_H 1
| /* end confdefs.h.  */
| #include <stdio.h>
| #ifdef HAVE_SYS_TYPES_H
| # include <sys/types.h>
| #endif
| #ifdef HAVE_SYS_STAT_H
| # include <sys/stat.h>
| #endif
| #ifdef STDC_HEADERS
| # include <stdlib.h>
| # include <stddef.h>
| #else
| # ifdef HAVE_STDLIB_H
| #  include <stdlib.h>
| # endif
| #endif
| #ifdef HAVE_STRING_H
| # if !defined STDC_HEADERS && defined HAVE_MEMORY_H
| #  include <memory.h>
| # endif
| # include <string.h>
| #endif
| #ifdef HAVE_STRINGS_H
| # include <strings.h>
| #endif
| #ifdef HAVE_INTTYPES_H
| # include <inttypes.h>
| #endif
| #ifdef HAVE_STDINT_H
| # include <stdint.h>
| #endif
| #ifdef HAVE_UNISTD_H
| # include <unistd.h>
| #endif
| #include <dcmf.h>
configure:7314: result: no
configure:7318: checking dcmf.h presence
configure:7333: cc -E   conftest.c
PGC-F-0206-Can't find include file dcmf.h (conftest.c: 23)
PGC/x86-64 Linux 14.2-0: compilation aborted
configure:7340: $? = 2
configure: failed program was:
| /* confdefs.h.  */
| #define PACKAGE_NAME "dataspaces"
| #define PACKAGE_TARNAME "dataspaces"
| #define PACKAGE_VERSION "1.4.0"
| #define PACKAGE_STRING "dataspaces 1.4.0"
| #define PACKAGE_BUGREPORT ""
| #define PACKAGE "dataspaces"
| #define VERSION "1.4.0"
| #define HAVE_PTHREAD 1
| #define HAVE_PTHREAD 1
| #define STDC_HEADERS 1
| #define HAVE_SYS_TYPES_H 1
| #define HAVE_SYS_STAT_H 1
| #define HAVE_STDLIB_H 1
| #define HAVE_STRING_H 1
| #define HAVE_MEMORY_H 1
| #define HAVE_STRINGS_H 1
| #define HAVE_INTTYPES_H 1
| #define HAVE_STDINT_H 1
| #define HAVE_UNISTD_H 1
| #define HAVE_IBVERBS_H 1
| /* end confdefs.h.  */
| #include <dcmf.h>
configure:7354: result: no
configure:7382: checking for dcmf.h
configure:7391: result: no
configure:7609: checking pmi.h usability
configure:7626: cc -c -g  -I/opt/cray/pmi/5.0.1-1.0000.9799.94.9.gem/include   -I/opt/cray/gni-headers/2.1-1.0402.7541.1.5.gem/include -I/opt/cray/ugni/5.0-1.0402.7551.1.10.gem/include   conftest.c >&5
configure:7633: $? = 0
configure:7647: result: yes
configure:7651: checking pmi.h presence
configure:7666: cc -E  -I/opt/cray/pmi/5.0.1-1.0000.9799.94.9.gem/include   -I/opt/cray/gni-headers/2.1-1.0402.7541.1.5.gem/include -I/opt/cray/ugni/5.0-1.0402.7551.1.10.gem/include   conftest.c
configure:7673: $? = 0
configure:7687: result: yes
configure:7715: checking for pmi.h
configure:7724: result: yes
configure:7757: checking gni_pub.h usability
configure:7774: cc -c -g  -I/opt/cray/pmi/5.0.1-1.0000.9799.94.9.gem/include   -I/opt/cray/gni-headers/2.1-1.0402.7541.1.5.gem/include -I/opt/cray/ugni/5.0-1.0402.7551.1.10.gem/include   conftest.c >&5
configure:7781: $? = 0
configure:7795: result: yes
configure:7799: checking gni_pub.h presence
configure:7814: cc -E  -I/opt/cray/pmi/5.0.1-1.0000.9799.94.9.gem/include   -I/opt/cray/gni-headers/2.1-1.0402.7541.1.5.gem/include -I/opt/cray/ugni/5.0-1.0402.7551.1.10.gem/include   conftest.c
configure:7821: $? = 0
configure:7835: result: yes
configure:7863: checking for gni_pub.h
configure:7872: result: yes
configure:7986: === checking for IBM PAMI ===
configure:8031: checking pami.h usability
configure:8048: cc -c -g   conftest.c >&5
PGC-F-0206-Can't find include file pami.h (conftest.c: 59)
PGC/x86-64 Linux 14.2-0: compilation aborted
configure:8055: $? = 2
configure: failed program was:
| /* confdefs.h.  */
| #define PACKAGE_NAME "dataspaces"
| #define PACKAGE_TARNAME "dataspaces"
| #define PACKAGE_VERSION "1.4.0"
| #define PACKAGE_STRING "dataspaces 1.4.0"
| #define PACKAGE_BUGREPORT ""
| #define PACKAGE "dataspaces"
| #define VERSION "1.4.0"
| #define HAVE_PTHREAD 1
| #define HAVE_PTHREAD 1
| #define STDC_HEADERS 1
| #define HAVE_SYS_TYPES_H 1
| #define HAVE_SYS_STAT_H 1
| #define HAVE_STDLIB_H 1
| #define HAVE_STRING_H 1
| #define HAVE_MEMORY_H 1
| #define HAVE_STRINGS_H 1
| #define HAVE_INTTYPES_H 1
| #define HAVE_STDINT_H 1
| #define HAVE_UNISTD_H 1
| #define HAVE_IBVERBS_H 1
| #define HAVE_PMI_H 1
| #define HAVE_GNI_PUB_H 1
| #define HAVE_UGNI 1
| /* end confdefs.h.  */
| #include <stdio.h>
| #ifdef HAVE_SYS_TYPES_H
| # include <sys/types.h>
| #endif
| #ifdef HAVE_SYS_STAT_H
| # include <sys/stat.h>
| #endif
| #ifdef STDC_HEADERS
| # include <stdlib.h>
| # include <stddef.h>
| #else
| # ifdef HAVE_STDLIB_H
| #  include <stdlib.h>
| # endif
| #endif
| #ifdef HAVE_STRING_H
| # if !defined STDC_HEADERS && defined HAVE_MEMORY_H
| #  include <memory.h>
| # endif
| # include <string.h>
| #endif
| #ifdef HAVE_STRINGS_H
| # include <strings.h>
| #endif
| #ifdef HAVE_INTTYPES_H
| # include <inttypes.h>
| #endif
| #ifdef HAVE_STDINT_H
| # include <stdint.h>
| #endif
| #ifdef HAVE_UNISTD_H
| # include <unistd.h>
| #endif
| #include <pami.h>
configure:8069: result: no
configure:8073: checking pami.h presence
configure:8088: cc -E   conftest.c
PGC-F-0206-Can't find include file pami.h (conftest.c: 26)
PGC/x86-64 Linux 14.2-0: compilation aborted
configure:8095: $? = 2
configure: failed program was:
| /* confdefs.h.  */
| #define PACKAGE_NAME "dataspaces"
| #define PACKAGE_TARNAME "dataspaces"
| #define PACKAGE_VERSION "1.4.0"
| #define PACKAGE_STRING "dataspaces 1.4.0"
| #define PACKAGE_BUGREPORT ""
| #define PACKAGE "dataspaces"
| #define VERSION "1.4.0"
| #define HAVE_PTHREAD 1
| #define HAVE_PTHREAD 1
| #define STDC_HEADERS 1
| #define HAVE_SYS_TYPES_H 1
| #define HAVE_SYS_STAT_H 1
| #define HAVE_STDLIB_H 1
| #define HAVE_STRING_H 1
| #define HAVE_MEMORY_H 1
| #define HAVE_STRINGS_H 1
| #define HAVE_INTTYPES_H 1
| #define HAVE_STDINT_H 1
| #define HAVE_UNISTD_H 1
| #define HAVE_IBVERBS_H 1
| #define HAVE_PMI_H 1
| #define HAVE_GNI_PUB_H 1
| #define HAVE_UGNI 1
| /* end confdefs.h.  */
| #include <pami.h>
configure:8109: result: no
configure:8137: checking for pami.h
configure:8146: result: no
configure:8743: creating ./config.status

## ---------------------- ##
## Running config.status. ##
## ---------------------- ##

This file was extended by dataspaces config.status 1.4.0, which was
generated by GNU Autoconf 2.63.  Invocation command line was

  CONFIG_FILES    = 
  CONFIG_HEADERS  = 
  CONFIG_LINKS    = 
  CONFIG_COMMANDS = 
  $ ./config.status 

on titan-ext1

config.status:850: creating Makefile
config.status:850: creating dart/Makefile
config.status:850: creating src/Makefile
config.status:850: creating tests/Makefile
config.status:850: creating tests/C/Makefile
config.status:850: creating tests/Fortran/Makefile
config.status:850: creating config.h
config.status:1124: executing depfiles commands

## ---------------- ##
## Cache variables. ##
## ---------------- ##

ac_cv_build=x86_64-suse-linux-gnu
ac_cv_c_compiler_gnu=no
ac_cv_cxx_compiler_gnu=yes
ac_cv_env_CCC_set=
ac_cv_env_CCC_value=
ac_cv_env_CC_set=set
ac_cv_env_CC_value=cc
ac_cv_env_CFLAGS_set=
ac_cv_env_CFLAGS_value=
ac_cv_env_CPPFLAGS_set=
ac_cv_env_CPPFLAGS_value=
ac_cv_env_CPP_set=
ac_cv_env_CPP_value=
ac_cv_env_CXXFLAGS_set=
ac_cv_env_CXXFLAGS_value=
ac_cv_env_CXX_set=
ac_cv_env_CXX_value=
ac_cv_env_FCFLAGS_set=
ac_cv_env_FCFLAGS_value=
ac_cv_env_FC_set=set
ac_cv_env_FC_value=ftn
ac_cv_env_LDFLAGS_set=
ac_cv_env_LDFLAGS_value=
ac_cv_env_LIBS_set=
ac_cv_env_LIBS_value=
ac_cv_env_build_alias_set=
ac_cv_env_build_alias_value=
ac_cv_env_host_alias_set=
ac_cv_env_host_alias_value=
ac_cv_env_target_alias_set=
ac_cv_env_target_alias_value=
ac_cv_fc_compiler_gnu=no
ac_cv_header_dcmf_h=no
ac_cv_header_gni_pub_h=yes
ac_cv_header_infiniband_verbs_h=yes
ac_cv_header_inttypes_h=yes
ac_cv_header_memory_h=yes
ac_cv_header_p3nal_utcp_h=no
ac_cv_header_p3rt_p3rt_h=no
ac_cv_header_pami_h=no
ac_cv_header_pmi_h=yes
ac_cv_header_portals3_h=no
ac_cv_header_portals_portals3_h=no
ac_cv_header_stdc=yes
ac_cv_header_stdint_h=yes
ac_cv_header_stdlib_h=yes
ac_cv_header_string_h=yes
ac_cv_header_strings_h=yes
ac_cv_header_sys_stat_h=yes
ac_cv_header_sys_types_h=yes
ac_cv_header_unistd_h=yes
ac_cv_host=x86_64-suse-linux-gnu
ac_cv_objext=o
ac_cv_path_EGREP='/usr/bin/grep -E'
ac_cv_path_GREP=/usr/bin/grep
ac_cv_path_install='/usr/bin/install -c'
ac_cv_path_mkdir=/bin/mkdir
ac_cv_prog_AWK=gawk
ac_cv_prog_CPP='cc -E'
ac_cv_prog_PTHREAD_CC=cc
ac_cv_prog_ac_ct_CC=cc
ac_cv_prog_ac_ct_CXX=g++
ac_cv_prog_ac_ct_RANLIB=ranlib
ac_cv_prog_cc_c89=
ac_cv_prog_cc_g=yes
ac_cv_prog_cxx_g=yes
ac_cv_prog_fc_g=yes
ac_cv_prog_make_make_set=yes
ac_cv_search_ibv_alloc_pd=no
am_cv_CC_dependencies_compiler_type=none
am_cv_CXX_dependencies_compiler_type=gcc3

## ----------------- ##
## Output variables. ##
## ----------------- ##

ACLOCAL='${SHELL} /ccs/home/tjin/document/dataspaces-service/config/missing --run aclocal-1.10'
AMDEPBACKSLASH='\'
AMDEP_FALSE='#'
AMDEP_TRUE=''
AMTAR='${SHELL} /ccs/home/tjin/document/dataspaces-service/config/missing --run tar'
AUTOCONF='${SHELL} /ccs/home/tjin/document/dataspaces-service/config/missing --run autoconf'
AUTOHEADER='${SHELL} /ccs/home/tjin/document/dataspaces-service/config/missing --run autoheader'
AUTOMAKE='${SHELL} /ccs/home/tjin/document/dataspaces-service/config/missing --run automake-1.10'
AWK='gawk'
CC='cc'
CCDEPMODE='depmode=none'
CFLAGS='-g'
CPP='cc -E'
CPPFLAGS=''
CXX='g++'
CXXDEPMODE='depmode=gcc3'
CXXFLAGS='-g -O2'
CYGPATH_W='echo'
DCMF_CFLAGS=''
DCMF_CPPFLAGS=''
DCMF_LDFLAGS=''
DCMF_LIBS=''
DEFS='-DHAVE_CONFIG_H'
DEPDIR='.deps'
DIMES_FALSE=''
DIMES_TRUE='#'
DSPACESLIB_CFLAGS=''
DSPACESLIB_CPPFLAGS=' -I/opt/cray/pmi/5.0.1-1.0000.9799.94.9.gem/include   -I/opt/cray/gni-headers/2.1-1.0402.7541.1.5.gem/include -I/opt/cray/ugni/5.0-1.0402.7551.1.10.gem/include  '
DSPACESLIB_LDADD=' -lpmi -lugni'
DSPACESLIB_LDFLAGS=' -L/opt/cray/pmi/5.0.1-1.0000.9799.94.9.gem/lib64   -L/opt/cray/ugni/5.0-1.0402.7551.1.10.gem/lib64  '
ECHO_C=''
ECHO_N='-n'
ECHO_T=''
EGREP='/usr/bin/grep -E'
EXEEXT=''
FC='ftn'
FCFLAGS='-g'
GREP='/usr/bin/grep'
HAVE_DCMF_FALSE=''
HAVE_DCMF_TRUE='#'
HAVE_INFINIBAND_FALSE=''
HAVE_INFINIBAND_TRUE='#'
HAVE_PAMI_FALSE=''
HAVE_PAMI_TRUE='#'
HAVE_PORTALS_FALSE=''
HAVE_PORTALS_TRUE='#'
HAVE_UGNI_FALSE='#'
HAVE_UGNI_TRUE=''
INFINIBAND_CFLAGS=''
INFINIBAND_CPPFLAGS=''
INFINIBAND_LDFLAGS=''
INFINIBAND_LIBS=''
INSTALL_DATA='${INSTALL} -m 644'
INSTALL_PROGRAM='${INSTALL}'
INSTALL_SCRIPT='${INSTALL}'
INSTALL_STRIP_PROGRAM='$(install_sh) -c -s'
LDFLAGS=' '
LIBOBJS=''
LIBS=''
LTLIBOBJS=''
MAKEINFO='${SHELL} /ccs/home/tjin/document/dataspaces-service/config/missing --run makeinfo'
MKDIR_P='/bin/mkdir -p'
NEED_DARWIN_SINGLE_MODULE_FALSE=''
NEED_DARWIN_SINGLE_MODULE_TRUE='#'
OBJEXT='o'
PACKAGE='dataspaces'
PACKAGE_BUGREPORT=''
PACKAGE_NAME='dataspaces'
PACKAGE_STRING='dataspaces 1.4.0'
PACKAGE_TARNAME='dataspaces'
PACKAGE_VERSION='1.4.0'
PAMI_CFLAGS=''
PAMI_CPPFLAGS=''
PAMI_LDFLAGS=''
PAMI_LIBS=''
PATH_SEPARATOR=':'
PMI_CPPFLAGS='-I/opt/cray/pmi/5.0.1-1.0000.9799.94.9.gem/include  '
PMI_LDLAGS=''
PMI_LIBS='-lpmi'
PORTALS_CFLAGS=''
PORTALS_CPPFLAGS=''
PORTALS_HEADER=''
PORTALS_LDFLAGS=''
PORTALS_LIBS=''
PORTALS_NAL_HEADER=''
PORTALS_RT_HEADER=''
PTHREAD_CC='cc'
PTHREAD_CFLAGS=''
PTHREAD_LIBS=''
RANLIB='ranlib'
SET_MAKE=''
SHELL='/bin/sh'
STRIP=''
UGNI_CPPFLAGS='-I/opt/cray/gni-headers/2.1-1.0402.7541.1.5.gem/include -I/opt/cray/ugni/5.0-1.0402.7551.1.10.gem/include  '
UGNI_LDLAGS=''
UGNI_LIBS='-lugni'
VERSION='1.4.0'
ac_ct_CC='cc'
ac_ct_CXX='g++'
ac_ct_FC=''
am__fastdepCC_FALSE=''
am__fastdepCC_TRUE='#'
am__fastdepCXX_FALSE='#'
am__fastdepCXX_TRUE=''
am__include='include'
am__isrc=''
am__leading_dot='.'
am__quote=''
am__tar='${AMTAR} chof - "$$tardir"'
am__untar='${AMTAR} xf -'
bindir='${exec_prefix}/bin'
build='x86_64-suse-linux-gnu'
build_alias=''
build_cpu='x86_64'
build_os='linux-gnu'
build_vendor='suse'
datadir='${datarootdir}'
datarootdir='${prefix}/share'
docdir='${datarootdir}/doc/${PACKAGE_TARNAME}'
dvidir='${docdir}'
exec_prefix='${prefix}'
host='x86_64-suse-linux-gnu'
host_alias=''
host_cpu='x86_64'
host_os='linux-gnu'
host_vendor='suse'
htmldir='${docdir}'
includedir='${prefix}/include'
infodir='${datarootdir}/info'
install_sh='$(SHELL) /ccs/home/tjin/document/dataspaces-service/config/install-sh'
libdir='${exec_prefix}/lib'
libexecdir='${exec_prefix}/libexec'
localedir='${datarootdir}/locale'
localstatedir='${prefix}/var'
mandir='${datarootdir}/man'
mkdir_p='/bin/mkdir -p'
oldincludedir='/usr/include'
pdfdir='${docdir}'
prefix='/ccs/home/tjin/document/ds-service-test'
program_transform_name='s,x,x,'
psdir='${docdir}'
sbindir='${exec_prefix}/sbin'
sharedstatedir='${prefix}/com'
sysconfdir='${prefix}/etc'
target_alias=''

## ----------- ##
## confdefs.h. ##
## ----------- ##

#define PACKAGE_NAME "dataspaces"
#define PACKAGE_TARNAME "dataspaces"
#define PACKAGE_VERSION "1.4.0"
#define PACKAGE_STRING "dataspaces 1.4.0"
#define PACKAGE_BUGREPORT ""
#define PACKAGE "dataspaces"
#define VERSION "1.4.0"
#define HAVE_PTHREAD 1
#define HAVE_PTHREAD 1
#define STDC_HEADERS 1
#define HAVE_SYS_TYPES_H 1
#define HAVE_SYS_STAT_H 1
#define HAVE_STDLIB_H 1
#define HAVE_STRING_H 1
#define HAVE_MEMORY_H 1
#define HAVE_STRINGS_H 1
#define HAVE_INTTYPES_H 1
#define HAVE_STDINT_H 1
#define HAVE_UNISTD_H 1
#define HAVE_IBVERBS_H 1
#define HAVE_PMI_H 1
#define HAVE_GNI_PUB_H 1
#define HAVE_UGNI 1
#define BBOX_MAX_NDIM 3
#define DIMES_RDMA_BUFFER_SIZE 64
#define BUILD_FOR_STAMPEDE 0
#define INFINIBAND_MSG_QUEUE_SIZE 32
#define DIMES_RDMA_MAX_NUM_CONCURRENT_READ 4

configure: exit 0
